<?xml version="1.0" encoding="UTF-8"?>
<testng-results skipped="0" failed="1" ignored="0" total="9" passed="8">
  <reporter-output>
  </reporter-output>
  <suite name="Suite" duration-ms="137062" started-at="2020-04-15T14:06:40Z" finished-at="2020-04-15T14:08:57Z">
    <groups>
    </groups>
    <test name="Test" duration-ms="137062" started-at="2020-04-15T14:06:40Z" finished-at="2020-04-15T14:08:57Z">
      <class name="com.pizzahut.testcases.FeedbackTestclass">
        <test-method status="PASS" signature="setingup()[pri:0, instance:com.pizzahut.testcases.FeedbackTestclass@7cd62f43]" name="setingup" is-config="true" duration-ms="12488" started-at="2020-04-15T19:36:40Z" finished-at="2020-04-15T19:36:52Z">
          <reporter-output>
          </reporter-output>
        </test-method> <!-- setingup -->
        <test-method status="PASS" signature="dataPicker1()[pri:0, instance:com.pizzahut.testcases.FeedbackTestclass@7cd62f43]" name="dataPicker1" duration-ms="12553" started-at="2020-04-15T19:36:52Z" finished-at="2020-04-15T19:37:05Z">
          <reporter-output>
          </reporter-output>
        </test-method> <!-- dataPicker1 -->
        <test-method status="PASS" signature="teardown()[pri:0, instance:com.pizzahut.testcases.FeedbackTestclass@7cd62f43]" name="teardown" is-config="true" duration-ms="180" started-at="2020-04-15T19:37:05Z" finished-at="2020-04-15T19:37:05Z">
          <reporter-output>
          </reporter-output>
        </test-method> <!-- teardown -->
        <test-method status="PASS" signature="setingup()[pri:0, instance:com.pizzahut.testcases.FeedbackTestclass@7cd62f43]" name="setingup" is-config="true" duration-ms="19525" started-at="2020-04-15T19:37:05Z" finished-at="2020-04-15T19:37:25Z">
          <reporter-output>
          </reporter-output>
        </test-method> <!-- setingup -->
        <test-method status="PASS" signature="getTestData()[pri:0, instance:com.pizzahut.testcases.FeedbackTestclass@7cd62f43]" name="getTestData" duration-ms="1000" started-at="2020-04-15T19:37:25Z" finished-at="2020-04-15T19:37:26Z">
          <reporter-output>
          </reporter-output>
        </test-method> <!-- getTestData -->
        <test-method status="PASS" signature="teardown()[pri:0, instance:com.pizzahut.testcases.FeedbackTestclass@7cd62f43]" name="teardown" is-config="true" duration-ms="320" started-at="2020-04-15T19:37:26Z" finished-at="2020-04-15T19:37:26Z">
          <reporter-output>
          </reporter-output>
        </test-method> <!-- teardown -->
        <test-method status="PASS" signature="setingup()[pri:0, instance:com.pizzahut.testcases.FeedbackTestclass@7cd62f43]" name="setingup" is-config="true" duration-ms="13465" started-at="2020-04-15T19:37:26Z" finished-at="2020-04-15T19:37:39Z">
          <reporter-output>
          </reporter-output>
        </test-method> <!-- setingup -->
        <test-method status="PASS" signature="verifydropdown1()[pri:0, instance:com.pizzahut.testcases.FeedbackTestclass@7cd62f43]" name="verifydropdown1" duration-ms="2499" started-at="2020-04-15T19:37:39Z" finished-at="2020-04-15T19:37:42Z">
          <reporter-output>
          </reporter-output>
        </test-method> <!-- verifydropdown1 -->
        <test-method status="PASS" signature="teardown()[pri:0, instance:com.pizzahut.testcases.FeedbackTestclass@7cd62f43]" name="teardown" is-config="true" duration-ms="419" started-at="2020-04-15T19:37:42Z" finished-at="2020-04-15T19:37:42Z">
          <reporter-output>
          </reporter-output>
        </test-method> <!-- teardown -->
        <test-method status="PASS" signature="setingup()[pri:0, instance:com.pizzahut.testcases.FeedbackTestclass@7cd62f43]" name="setingup" is-config="true" duration-ms="11012" started-at="2020-04-15T19:37:42Z" finished-at="2020-04-15T19:37:53Z">
          <reporter-output>
          </reporter-output>
        </test-method> <!-- setingup -->
        <test-method status="PASS" signature="verifydropdown2()[pri:0, instance:com.pizzahut.testcases.FeedbackTestclass@7cd62f43]" name="verifydropdown2" duration-ms="612" started-at="2020-04-15T19:37:53Z" finished-at="2020-04-15T19:37:54Z">
          <reporter-output>
          </reporter-output>
        </test-method> <!-- verifydropdown2 -->
        <test-method status="PASS" signature="teardown()[pri:0, instance:com.pizzahut.testcases.FeedbackTestclass@7cd62f43]" name="teardown" is-config="true" duration-ms="331" started-at="2020-04-15T19:37:54Z" finished-at="2020-04-15T19:37:54Z">
          <reporter-output>
          </reporter-output>
        </test-method> <!-- teardown -->
      </class> <!-- com.pizzahut.testcases.FeedbackTestclass -->
      <class name="com.pizzahut.testcases.SelectionTestClass">
        <test-method status="PASS" signature="setup()[pri:0, instance:com.pizzahut.testcases.SelectionTestClass@6a41eaa2]" name="setup" is-config="true" duration-ms="10081" started-at="2020-04-15T19:37:54Z" finished-at="2020-04-15T19:38:04Z">
          <reporter-output>
          </reporter-output>
        </test-method> <!-- setup -->
        <test-method status="PASS" signature="selectTitlePage()[pri:1, instance:com.pizzahut.testcases.SelectionTestClass@6a41eaa2]" name="selectTitlePage" duration-ms="19" started-at="2020-04-15T19:38:04Z" finished-at="2020-04-15T19:38:04Z">
          <reporter-output>
          </reporter-output>
        </test-method> <!-- selectTitlePage -->
        <test-method status="PASS" signature="TearDown()[pri:0, instance:com.pizzahut.testcases.SelectionTestClass@6a41eaa2]" name="TearDown" is-config="true" duration-ms="217" started-at="2020-04-15T19:38:04Z" finished-at="2020-04-15T19:38:05Z">
          <reporter-output>
          </reporter-output>
        </test-method> <!-- TearDown -->
        <test-method status="PASS" signature="setup()[pri:0, instance:com.pizzahut.testcases.SelectionTestClass@6a41eaa2]" name="setup" is-config="true" duration-ms="10400" started-at="2020-04-15T19:38:05Z" finished-at="2020-04-15T19:38:15Z">
          <reporter-output>
          </reporter-output>
        </test-method> <!-- setup -->
        <test-method status="PASS" signature="DropDown2()[pri:2, instance:com.pizzahut.testcases.SelectionTestClass@6a41eaa2]" name="DropDown2" duration-ms="5369" started-at="2020-04-15T19:38:15Z" finished-at="2020-04-15T19:38:20Z">
          <reporter-output>
          </reporter-output>
        </test-method> <!-- DropDown2 -->
        <test-method status="PASS" signature="TearDown()[pri:0, instance:com.pizzahut.testcases.SelectionTestClass@6a41eaa2]" name="TearDown" is-config="true" duration-ms="295" started-at="2020-04-15T19:38:20Z" finished-at="2020-04-15T19:38:21Z">
          <reporter-output>
          </reporter-output>
        </test-method> <!-- TearDown -->
        <test-method status="PASS" signature="setup()[pri:0, instance:com.pizzahut.testcases.SelectionTestClass@6a41eaa2]" name="setup" is-config="true" duration-ms="9695" started-at="2020-04-15T19:38:21Z" finished-at="2020-04-15T19:38:30Z">
          <reporter-output>
          </reporter-output>
        </test-method> <!-- setup -->
        <test-method status="PASS" signature="DropDown3()[pri:3, instance:com.pizzahut.testcases.SelectionTestClass@6a41eaa2]" name="DropDown3" duration-ms="879" started-at="2020-04-15T19:38:30Z" finished-at="2020-04-15T19:38:31Z">
          <reporter-output>
          </reporter-output>
        </test-method> <!-- DropDown3 -->
        <test-method status="PASS" signature="TearDown()[pri:0, instance:com.pizzahut.testcases.SelectionTestClass@6a41eaa2]" name="TearDown" is-config="true" duration-ms="280" started-at="2020-04-15T19:38:31Z" finished-at="2020-04-15T19:38:32Z">
          <reporter-output>
          </reporter-output>
        </test-method> <!-- TearDown -->
        <test-method status="PASS" signature="setup()[pri:0, instance:com.pizzahut.testcases.SelectionTestClass@6a41eaa2]" name="setup" is-config="true" duration-ms="10660" started-at="2020-04-15T19:38:32Z" finished-at="2020-04-15T19:38:42Z">
          <reporter-output>
          </reporter-output>
        </test-method> <!-- setup -->
        <test-method status="FAIL" signature="DropDown4()[pri:4, instance:com.pizzahut.testcases.SelectionTestClass@6a41eaa2]" name="DropDown4" duration-ms="918" started-at="2020-04-15T19:38:42Z" finished-at="2020-04-15T19:38:43Z">
          <exception class="org.openqa.selenium.NoSuchElementException">
            <message>
              <![CDATA[Cannot locate option with index: 1
For documentation on this error, please visit: http://seleniumhq.org/exceptions/no_such_element.html
Build info: version: '3.14.0', revision: 'aacccce0', time: '2018-08-02T20:19:58.91Z'
System info: host: 'admins-MacBook-Pro-3.local', ip: '127.0.0.1', os.name: 'Mac OS X', os.arch: 'x86_64', os.version: '10.13.6', java.version: '1.8.0_131'
Driver info: driver.version: unknown]]>
            </message>
            <full-stacktrace>
              <![CDATA[org.openqa.selenium.NoSuchElementException: Cannot locate option with index: 1
For documentation on this error, please visit: http://seleniumhq.org/exceptions/no_such_element.html
Build info: version: '3.14.0', revision: 'aacccce0', time: '2018-08-02T20:19:58.91Z'
System info: host: 'admins-MacBook-Pro-3.local', ip: '127.0.0.1', os.name: 'Mac OS X', os.arch: 'x86_64', os.version: '10.13.6', java.version: '1.8.0_131'
Driver info: driver.version: unknown
	at org.openqa.selenium.support.ui.Select.selectByIndex(Select.java:183)
	at com.pizzahut.pages.Selection.DropDown2(Selection.java:56)
	at com.pizzahut.testcases.SelectionTestClass.DropDown4(SelectionTestClass.java:48)
	at sun.reflect.NativeMethodAccessorImpl.invoke0(Native Method)
	at sun.reflect.NativeMethodAccessorImpl.invoke(NativeMethodAccessorImpl.java:62)
	at sun.reflect.DelegatingMethodAccessorImpl.invoke(DelegatingMethodAccessorImpl.java:43)
	at java.lang.reflect.Method.invoke(Method.java:498)
	at org.testng.internal.MethodInvocationHelper.invokeMethod(MethodInvocationHelper.java:108)
	at org.testng.internal.Invoker.invokeMethod(Invoker.java:661)
	at org.testng.internal.Invoker.invokeTestMethod(Invoker.java:869)
	at org.testng.internal.Invoker.invokeTestMethods(Invoker.java:1193)
	at org.testng.internal.TestMethodWorker.invokeTestMethods(TestMethodWorker.java:126)
	at org.testng.internal.TestMethodWorker.run(TestMethodWorker.java:109)
	at org.testng.TestRunner.privateRun(TestRunner.java:744)
	at org.testng.TestRunner.run(TestRunner.java:602)
	at org.testng.SuiteRunner.runTest(SuiteRunner.java:380)
	at org.testng.SuiteRunner.runSequentially(SuiteRunner.java:375)
	at org.testng.SuiteRunner.privateRun(SuiteRunner.java:340)
	at org.testng.SuiteRunner.run(SuiteRunner.java:289)
	at org.testng.SuiteRunnerWorker.runSuite(SuiteRunnerWorker.java:52)
	at org.testng.SuiteRunnerWorker.run(SuiteRunnerWorker.java:86)
	at org.testng.TestNG.runSuitesSequentially(TestNG.java:1301)
	at org.testng.TestNG.runSuitesLocally(TestNG.java:1226)
	at org.testng.TestNG.runSuites(TestNG.java:1144)
	at org.testng.TestNG.run(TestNG.java:1115)
	at org.testng.remote.AbstractRemoteTestNG.run(AbstractRemoteTestNG.java:114)
	at org.testng.remote.RemoteTestNG.initAndRun(RemoteTestNG.java:251)
	at org.testng.remote.RemoteTestNG.main(RemoteTestNG.java:77)
]]>
            </full-stacktrace>
          </exception> <!-- org.openqa.selenium.NoSuchElementException -->
          <reporter-output>
          </reporter-output>
        </test-method> <!-- DropDown4 -->
        <test-method status="PASS" signature="TearDown()[pri:0, instance:com.pizzahut.testcases.SelectionTestClass@6a41eaa2]" name="TearDown" is-config="true" duration-ms="836" started-at="2020-04-15T19:38:43Z" finished-at="2020-04-15T19:38:44Z">
          <reporter-output>
          </reporter-output>
        </test-method> <!-- TearDown -->
        <test-method status="PASS" signature="setup()[pri:0, instance:com.pizzahut.testcases.SelectionTestClass@6a41eaa2]" name="setup" is-config="true" duration-ms="12238" started-at="2020-04-15T19:38:44Z" finished-at="2020-04-15T19:38:56Z">
          <reporter-output>
          </reporter-output>
        </test-method> <!-- setup -->
        <test-method status="PASS" signature="submit()[pri:5, instance:com.pizzahut.testcases.SelectionTestClass@6a41eaa2]" name="submit" duration-ms="338" started-at="2020-04-15T19:38:56Z" finished-at="2020-04-15T19:38:57Z">
          <reporter-output>
          </reporter-output>
        </test-method> <!-- submit -->
        <test-method status="PASS" signature="TearDown()[pri:0, instance:com.pizzahut.testcases.SelectionTestClass@6a41eaa2]" name="TearDown" is-config="true" duration-ms="359" started-at="2020-04-15T19:38:57Z" finished-at="2020-04-15T19:38:57Z">
          <reporter-output>
          </reporter-output>
        </test-method> <!-- TearDown -->
      </class> <!-- com.pizzahut.testcases.SelectionTestClass -->
    </test> <!-- Test -->
  </suite> <!-- Suite -->
</testng-results>
