<?xml version="1.0" encoding="UTF-8"?>
<!-- Generated by org.testng.reporters.JUnitXMLReporter -->
<testsuite hostname="admins-MacBook-Pro-3.local" ignored="0" name="AllTestAnnotations" tests="3" failures="0" timestamp="27 Jan 2020 11:53:18 GMT" time="0.093" errors="0">
  <testcase name="TestCase1" time="0.005" classname="testNGTopics.AllTestAnnotations"/>
  <testcase name="TestCase2" time="0.002" classname="testNGTopics.AllTestAnnotations"/>
  <testcase name="TestCase3" time="0.006" classname="testNGTopics.AllTestAnnotations"/>
</testsuite> <!-- AllTestAnnotations -->
