<?xml version="1.0" encoding="UTF-8"?>
<!-- Generated by org.testng.reporters.JUnitXMLReporter -->
<testsuite hostname="admins-MacBook-Pro-3.local" ignored="0" name="Assertions" tests="1" failures="1" timestamp="27 Jan 2020 11:53:18 GMT" time="0.091" errors="0">
  <testcase name="test" time="0.024" classname="testNGTopics.Assertions">
    <failure type="java.lang.AssertionError" message="Falling the assertions because of fails">
      <![CDATA[java.lang.AssertionError: Falling the assertions because of fails
	at testNGTopics.Assertions.test(Assertions.java:32)
... Removed 27 stack frames]]>
    </failure>
  </testcase> <!-- test -->
</testsuite> <!-- Assertions -->
