<?xml version="1.0" encoding="UTF-8"?>
<!-- Generated by org.testng.reporters.JUnitXMLReporter -->
<testsuite hostname="admins-MacBook-Pro-3.local" ignored="0" name="LoginTestTesting" tests="3" failures="0" timestamp="28 Jan 2020 06:46:11 GMT" time="0.045" errors="0">
  <testcase name="TestCase1" time="0.003" classname="testNGTopics.AllTestAnnotations"/>
  <testcase name="TestCase2" time="0.003" classname="testNGTopics.AllTestAnnotations"/>
  <testcase name="TestCase3" time="0.003" classname="testNGTopics.AllTestAnnotations"/>
</testsuite> <!-- LoginTestTesting -->
