<?xml version="1.0" encoding="UTF-8"?>
<!-- Generated by org.testng.reporters.JUnitXMLReporter -->
<testsuite hostname="admins-MacBook-Pro-3.local" ignored="0" name="RegistrationTesting" tests="1" failures="1" timestamp="28 Jan 2020 06:46:11 GMT" time="0.111" errors="0">
  <testcase name="test" time="0.037" classname="testNGTopics.Assertions">
    <failure type="java.lang.AssertionError" message="Falling the assertions because of fails">
      <![CDATA[java.lang.AssertionError: Falling the assertions because of fails
	at testNGTopics.Assertions.test(Assertions.java:32)
... Removed 27 stack frames]]>
    </failure>
  </testcase> <!-- test -->
</testsuite> <!-- RegistrationTesting -->
