<?xml version="1.0" encoding="UTF-8"?>
<testng-results skipped="0" failed="0" ignored="0" total="2" passed="2">
  <reporter-output>
  </reporter-output>
  <suite name="Default suite" duration-ms="93835" started-at="2020-04-18T15:33:19Z" finished-at="2020-04-18T15:34:53Z">
    <groups>
    </groups>
    <test name="Default test" duration-ms="93835" started-at="2020-04-18T15:33:19Z" finished-at="2020-04-18T15:34:53Z">
      <class name="com.qa.biba.testclass.LoginpageTest">
        <test-method status="PASS" signature="SetupMethod()[pri:0, instance:com.qa.biba.testclass.LoginpageTest@77caeb3e]" name="SetupMethod" is-config="true" duration-ms="28691" started-at="2020-04-18T21:03:19Z" finished-at="2020-04-18T21:03:48Z">
          <reporter-output>
          </reporter-output>
        </test-method> <!-- SetupMethod -->
        <test-method status="PASS" signature="EnterData()[pri:0, instance:com.qa.biba.testclass.LoginpageTest@77caeb3e]" name="EnterData" duration-ms="9630" started-at="2020-04-18T21:03:48Z" finished-at="2020-04-18T21:03:57Z">
          <reporter-output>
          </reporter-output>
        </test-method> <!-- EnterData -->
        <test-method status="PASS" signature="SetupMethod()[pri:0, instance:com.qa.biba.testclass.LoginpageTest@77caeb3e]" name="SetupMethod" is-config="true" duration-ms="47676" started-at="2020-04-18T21:03:57Z" finished-at="2020-04-18T21:04:45Z">
          <reporter-output>
          </reporter-output>
        </test-method> <!-- SetupMethod -->
        <test-method status="PASS" signature="MixandMathces()[pri:0, instance:com.qa.biba.testclass.LoginpageTest@77caeb3e]" name="MixandMathces" duration-ms="7761" started-at="2020-04-18T21:04:45Z" finished-at="2020-04-18T21:04:53Z">
          <reporter-output>
          </reporter-output>
        </test-method> <!-- MixandMathces -->
      </class> <!-- com.qa.biba.testclass.LoginpageTest -->
    </test> <!-- Default test -->
  </suite> <!-- Default suite -->
</testng-results>
